{"/home/warckut/projects/frontend-project-46/lib/gendiff.js": {"path":"/home/warckut/projects/frontend-project-46/lib/gendiff.js","statementMap":{"0":{"start":{"line":1,"column":10},"end":{"line":1,"column":27}},"1":{"start":{"line":3,"column":16},"end":{"line":28,"column":1}},"2":{"start":{"line":4,"column":20},"end":{"line":4,"column":36}},"3":{"start":{"line":5,"column":20},"end":{"line":5,"column":36}},"4":{"start":{"line":7,"column":17},"end":{"line":8,"column":60}},"5":{"start":{"line":8,"column":19},"end":{"line":8,"column":58}},"6":{"start":{"line":10,"column":17},"end":{"line":11,"column":60}},"7":{"start":{"line":11,"column":19},"end":{"line":11,"column":58}},"8":{"start":{"line":13,"column":23},"end":{"line":13,"column":73}},"9":{"start":{"line":13,"column":49},"end":{"line":13,"column":72}},"10":{"start":{"line":15,"column":17},"end":{"line":25,"column":28}},"11":{"start":{"line":16,"column":20},"end":{"line":16,"column":28}},"12":{"start":{"line":17,"column":20},"end":{"line":17,"column":28}},"13":{"start":{"line":18,"column":18},"end":{"line":23,"column":5}},"14":{"start":{"line":24,"column":4},"end":{"line":24,"column":30}},"15":{"start":{"line":27,"column":2},"end":{"line":27,"column":44}},"16":{"start":{"line":27,"column":35},"end":{"line":27,"column":42}},"17":{"start":{"line":30,"column":0},"end":{"line":30,"column":33}}},"fnMap":{"0":{"name":"(anonymous_0)","decl":{"start":{"line":3,"column":16},"end":{"line":3,"column":17}},"loc":{"start":{"line":3,"column":30},"end":{"line":28,"column":1}},"line":3},"1":{"name":"(anonymous_1)","decl":{"start":{"line":8,"column":9},"end":{"line":8,"column":10}},"loc":{"start":{"line":8,"column":19},"end":{"line":8,"column":58}},"line":8},"2":{"name":"(anonymous_2)","decl":{"start":{"line":11,"column":9},"end":{"line":11,"column":10}},"loc":{"start":{"line":11,"column":19},"end":{"line":11,"column":58}},"line":11},"3":{"name":"(anonymous_3)","decl":{"start":{"line":13,"column":40},"end":{"line":13,"column":41}},"loc":{"start":{"line":13,"column":49},"end":{"line":13,"column":72}},"line":13},"4":{"name":"(anonymous_4)","decl":{"start":{"line":15,"column":37},"end":{"line":15,"column":38}},"loc":{"start":{"line":15,"column":51},"end":{"line":25,"column":3}},"line":15},"5":{"name":"(anonymous_5)","decl":{"start":{"line":27,"column":26},"end":{"line":27,"column":27}},"loc":{"start":{"line":27,"column":35},"end":{"line":27,"column":42}},"line":27}},"branchMap":{"0":{"loc":{"start":{"line":18,"column":18},"end":{"line":23,"column":5}},"type":"cond-expr","locations":[{"start":{"line":18,"column":42},"end":{"line":20,"column":5}},{"start":{"line":20,"column":8},"end":{"line":23,"column":5}}],"line":18}},"s":{"0":1,"1":1,"2":1,"3":1,"4":1,"5":2,"6":1,"7":1,"8":1,"9":4,"10":1,"11":2,"12":2,"13":2,"14":2,"15":1,"16":6,"17":1},"f":{"0":1,"1":2,"2":1,"3":4,"4":2,"5":6},"b":{"0":[1,1]},"_coverageSchema":"1a1c01bbd47fc00a2c39e90264f33305004495a9","hash":"bc2235288bf7bb20b664433f502e3b642818994b"}
}
